<?xml version="1.0" encoding="UTF-8" ?>
<testsuite tests="6" failures="0" name="test.ac.vuw.swen301.a1.JSONLayoutTest" time="0.099" errors="0" skipped="0">
  <properties>
[...]
</properties>
  <testcase classname="test.ac.vuw.swen301.a1.JSONLayoutTest" name="debug_test" time="0.012"/>
  <testcase classname="test.ac.vuw.swen301.a1.JSONLayoutTest" name="warn_test" time="0.014"/>
  <testcase classname="test.ac.vuw.swen301.a1.JSONLayoutTest" name="trace_test" time="0.015"/>
  <testcase classname="test.ac.vuw.swen301.a1.JSONLayoutTest" name="info_test" time="0.017"/>
  <testcase classname="test.ac.vuw.swen301.a1.JSONLayoutTest" name="fatal_test" time="0.018"/>
  <testcase classname="test.ac.vuw.swen301.a1.JSONLayoutTest" name="error_test" time="0.023"/>
</testsuite>