<?xml version="1.0" encoding="UTF-8" ?>
<testsuite tests="17" failures="0" name="test.ac.vuw.swen301.a1.MemAppenderTest" time="1.524" errors="0" skipped="0">
  <properties>
[...]
</properties>
  <testcase classname="test.ac.vuw.swen301.a1.MemAppenderTest" name="getLogCount_accurate" time="1.062"/>
  <testcase classname="test.ac.vuw.swen301.a1.MemAppenderTest" name="getCurrentLogs_is_unremovable" time="0.122"/>
  <testcase classname="test.ac.vuw.swen301.a1.MemAppenderTest" name="getCurrentLogs_is_unaddable" time="0.01"/>
  <testcase classname="test.ac.vuw.swen301.a1.MemAppenderTest" name="change_name" time="0"/>
  <testcase classname="test.ac.vuw.swen301.a1.MemAppenderTest" name="maxSize_removes_oldest_1" time="0.024"/>
  <testcase classname="test.ac.vuw.swen301.a1.MemAppenderTest" name="maxSize_removes_oldest_2" time="0"/>
  <testcase classname="test.ac.vuw.swen301.a1.MemAppenderTest" name="maxSize_removes_oldest_3" time="0.161"/>
  <testcase classname="test.ac.vuw.swen301.a1.MemAppenderTest" name="getLogs_returns_accurate_string_array" time="0.064"/>
  <testcase classname="test.ac.vuw.swen301.a1.MemAppenderTest" name="getCurrentLogs_natural_logs_1" time="0.008"/>
  <testcase classname="test.ac.vuw.swen301.a1.MemAppenderTest" name="add_logs_test" time="0.014"/>
  <testcase classname="test.ac.vuw.swen301.a1.MemAppenderTest" name="getCurrentLogs_is_uncastable" time="0.002"/>
  <testcase classname="test.ac.vuw.swen301.a1.MemAppenderTest" name="maxSize_cant_be_negative" time="0.003"/>
  <testcase classname="test.ac.vuw.swen301.a1.MemAppenderTest" name="getDiscarded_is_accurate" time="0.001"/>
  <testcase classname="test.ac.vuw.swen301.a1.MemAppenderTest" name="maxSize_is_maintained" time="0.009"/>
  <testcase classname="test.ac.vuw.swen301.a1.MemAppenderTest" name="export_to_JSON_accurate" time="0.023"/>
  <testcase classname="test.ac.vuw.swen301.a1.MemAppenderTest" name="getCurrentLogs_artifical_logs_1" time="0.002"/>
  <testcase classname="test.ac.vuw.swen301.a1.MemAppenderTest" name="getCurrentLogs_artifical_logs_2" time="0.019"/>
</testsuite>