<?xml version="1.0" encoding="UTF-8" ?>
<testsuite tests="6" failures="0" name="test.ac.vuw.swen301.a1.JSONLayoutTest" time="0.165" errors="0" skipped="0">
  <properties>
[...]
</properties>
  <testcase classname="test.ac.vuw.swen301.a1.JSONLayoutTest" name="debug_test" time="0.006"/>
  <testcase classname="test.ac.vuw.swen301.a1.JSONLayoutTest" name="warn_test" time="0.04"/>
  <testcase classname="test.ac.vuw.swen301.a1.JSONLayoutTest" name="trace_test" time="0.039"/>
  <testcase classname="test.ac.vuw.swen301.a1.JSONLayoutTest" name="info_test" time="0.02"/>
  <testcase classname="test.ac.vuw.swen301.a1.JSONLayoutTest" name="fatal_test" time="0.029"/>
  <testcase classname="test.ac.vuw.swen301.a1.JSONLayoutTest" name="error_test" time="0.031"/>
</testsuite>